<?xml version="1.0" encoding="UTF-8"?>
<testng-results ignored="1" total="2" passed="1" failed="0" skipped="0">
  <reporter-output>
  </reporter-output>
  <suite started-at="2019-09-14T20:26:42 EEST" name="selenium" finished-at="2019-09-14T20:27:20 EEST" duration-ms="38349">
    <groups>
    </groups>
    <test started-at="2019-09-14T20:26:42 EEST" name="login" finished-at="2019-09-14T20:27:20 EEST" duration-ms="38349">
      <class name="com.telesens.rozetka.RozetkaTests">
        <test-method is-config="true" signature="setUp(java.lang.String)[pri:0, instance:com.telesens.rozetka.RozetkaTests@646be2c3]" started-at="2019-09-14T20:26:42 EEST" name="setUp" finished-at="2019-09-14T20:26:48 EEST" duration-ms="5486" status="PASS">
          <params>
            <param index="0">
              <value>
                <![CDATA[chrome]]>
              </value>
            </param>
          </params>
          <reporter-output>
          </reporter-output>
        </test-method> <!-- setUp -->
        <test-method signature="testSort2()[pri:0, instance:com.telesens.rozetka.RozetkaTests@646be2c3]" started-at="2019-09-14T20:26:48 EEST" name="testSort2" finished-at="2019-09-14T20:27:20 EEST" duration-ms="32135" status="PASS">
          <reporter-output>
          </reporter-output>
        </test-method> <!-- testSort2 -->
        <test-method is-config="true" signature="tearDown()[pri:0, instance:com.telesens.rozetka.RozetkaTests@646be2c3]" started-at="2019-09-14T20:27:20 EEST" name="tearDown" finished-at="2019-09-14T20:27:20 EEST" duration-ms="669" status="PASS">
          <reporter-output>
          </reporter-output>
        </test-method> <!-- tearDown -->
      </class> <!-- com.telesens.rozetka.RozetkaTests -->
    </test> <!-- login -->
  </suite> <!-- selenium -->
</testng-results>
