<?xml version="1.0" encoding="UTF-8"?>
<testsuite xmlns:xsi="http://www.w3.org/2001/XMLSchema-instance" xsi:noNamespaceSchemaLocation="https://maven.apache.org/surefire/maven-surefire-plugin/xsd/surefire-test-report.xsd" name="TestSuite" time="68.72" tests="2" errors="0" skipped="0" failures="0">
  <properties>
[...]
</properties>
  <testcase name="testAuthSuccess" classname="com.telesens.automationpractice.AuthTests" time="19.975"/>
  <testcase name="testAuthSuccess" classname="com.telesens.automationpractice.AuthTests" time="10.556"/>
</testsuite>