<?xml version="1.0" encoding="UTF-8"?>
<!-- Generated by org.testng.reporters.JUnitXMLReporter -->
<testsuite ignored="2" hostname="KoS-PC" failures="0" tests="1" name="ChromeTest" time="26.544" errors="0" timestamp="2019-09-08T14:18:40 EEST">
  <testcase classname="com.telesens.automationpractice.AuthTests" name="testAuthSuccess" time="19.969"/>
  <testcase classname="com.telesens.automationpractice.AuthTests" name="testNumber8" time="0.0">
    <ignored/>
  </testcase> <!-- testNumber8 -->
  <testcase classname="com.telesens.automationpractice.AuthTests" name="testAuthErrorMessage" time="0.0">
    <ignored/>
  </testcase> <!-- testAuthErrorMessage -->
</testsuite> <!-- ChromeTest -->
